<?xml version="1.0" encoding="UTF-8"?>
<!-- Generated by org.testng.reporters.JUnitXMLReporter -->
<testsuite hostname="DESKTOP-CL8QTLN" ignored="0" name="Test" tests="7" failures="0" timestamp="23 Jul 2021 13:05:56 GMT" time="7.951" errors="0">
  <testcase name="getAllUserTest" time="3.64" classname="com.qa.test.TC_Get_Request"/>
  <testcase name="getSinglerUserTest" time="0.537" classname="com.qa.test.TC_Get_Request"/>
  <testcase name="createUserTest" time="0.82" classname="com.qa.test.TC_Post_Request"/>
  <testcase name="createUserTest1" time="0.851" classname="com.qa.test.TC_Post_Request"/>
  <testcase name="createUserTest2" time="0.419" classname="com.qa.test.TC_Post_Request"/>
  <testcase name="updateUserTest" time="0.835" classname="com.qa.test.TC_Put_Request"/>
  <testcase name="deleteUserTest" time="0.649" classname="com.qa.test.TC_Delete_Request"/>
</testsuite> <!-- Test -->
