<?xml version="1.0" encoding="UTF-8"?>
<!-- Generated by org.testng.reporters.JUnitXMLReporter -->
<testsuite hostname="DESKTOP-CL8QTLN" ignored="0" name="Test" tests="7" failures="0" timestamp="26 Jul 2021 16:29:47 GMT" time="10.468" errors="0">
  <testcase name="getAllUserTest" time="4.609" classname="com.qa.test.TC_Get_Request"/>
  <testcase name="getSinglerUserTest" time="0.691" classname="com.qa.test.TC_Get_Request"/>
  <testcase name="createUserTest" time="1.169" classname="com.qa.test.TC_Post_Request"/>
  <testcase name="createUserTest1" time="0.704" classname="com.qa.test.TC_Post_Request"/>
  <testcase name="createUserTest2" time="0.895" classname="com.qa.test.TC_Post_Request"/>
  <testcase name="updateUserTest" time="0.954" classname="com.qa.test.TC_Put_Request"/>
  <testcase name="deleteUserTest" time="0.937" classname="com.qa.test.TC_Delete_Request"/>
</testsuite> <!-- Test -->
