<?xml version="1.0" encoding="UTF-8"?>
<!-- Generated by org.testng.reporters.JUnitXMLReporter -->
<testsuite hostname="DESKTOP-CL8QTLN" ignored="0" name="Test" tests="7" failures="0" timestamp="23 Jul 2021 13:26:40 GMT" time="9.15" errors="0">
  <testcase name="getAllUserTest" time="2.659" classname="com.qa.test.TC_Get_Request"/>
  <testcase name="getSinglerUserTest" time="0.67" classname="com.qa.test.TC_Get_Request"/>
  <testcase name="createUserTest" time="1.553" classname="com.qa.test.TC_Post_Request"/>
  <testcase name="createUserTest1" time="1.006" classname="com.qa.test.TC_Post_Request"/>
  <testcase name="createUserTest2" time="0.854" classname="com.qa.test.TC_Post_Request"/>
  <testcase name="updateUserTest" time="1.075" classname="com.qa.test.TC_Put_Request"/>
  <testcase name="deleteUserTest" time="0.909" classname="com.qa.test.TC_Delete_Request"/>
</testsuite> <!-- Test -->
